http://www.adslzone.net/ip.html
http://whatismyipaddress.com/
http://www.showmyip.com
http://myip.dk/
http://www.lawrencegoetz.com/programs/ipinfo/
http://www.whatsmyip.org/
http://www.ipchicken.com/
http://whatismyip.com/
http://www.myipaddress.com/show-my-ip-address/
http://www.tracemyip.com/
http://www.my-ip.es/
http://www.ventrilo.com/myip.php
http://ip-address.domaintools.com/
http://www.adslayuda.com/ip.html
http://www.testdevelocidad.es/cual-es-mi-ip.html
http://www.adsl4ever.com/ip/
http://www.vermiip.es/
http://www.internautas.org/w-localizamiip.html
http://www.cualesmiip.net/
http://www.miip.es/
http://www.cual-es-mi-ip.net/
http://adsl.interbusca.com/herramientas/mi-IP.html
http://www.andy21.com/ip/